\BOOKMARK [-1][-]{part.2}{II Description des projets}{}% 1
\BOOKMARK [0][-]{chapter.1}{Description g\351n\351rale de l'organisation}{part.2}% 2
\BOOKMARK [1][-]{section.1.1}{Arbres des t\342ches \340 r\351aliser par le robot}{chapter.1}% 3
\BOOKMARK [1][-]{section.1.2}{R\351partition des t\342ches}{chapter.1}% 4
\BOOKMARK [1][-]{section.1.3}{Points pour la coupe}{chapter.1}% 5
\BOOKMARK [0][-]{chapter.2}{M\351canique}{part.2}% 6
\BOOKMARK [1][-]{section.2.1}{M\351canique g\351n\351rale du robot}{chapter.2}% 7
\BOOKMARK [1][-]{section.2.2}{Actionneurs}{chapter.2}% 8
\BOOKMARK [0][-]{chapter.3}{Electronique}{part.2}% 9
\BOOKMARK [1][-]{section.3.1}{Alimentation}{chapter.3}% 10
\BOOKMARK [1][-]{section.3.2}{Puissance}{chapter.3}% 11
\BOOKMARK [1][-]{section.3.3}{Actionneur}{chapter.3}% 12
\BOOKMARK [0][-]{chapter.4}{Informatique}{part.2}% 13
\BOOKMARK [1][-]{section.4.1}{Asservissement}{chapter.4}% 14
\BOOKMARK [1][-]{section.4.2}{Strat\351gie}{chapter.4}% 15
\BOOKMARK [2][-]{subsection.4.2.1}{Mod\351lisation de la table - D\351finition des obstacles}{section.4.2}% 16
\BOOKMARK [2][-]{subsection.4.2.2}{D\351tection d'un robot adverse}{section.4.2}% 17
\BOOKMARK [2][-]{subsection.4.2.3}{Recherche de Chemin - Algorithme A}{section.4.2}% 18
\BOOKMARK [2][-]{subsection.4.2.4}{Gestion des actionneurs}{section.4.2}% 19
\BOOKMARK [2][-]{subsection.4.2.5}{Boucle de jeu principale}{section.4.2}% 20
